<?xml version="1.0" encoding="UTF-8"?>
<testng-results skipped="0" failed="0" total="1" passed="1">
  <reporter-output>
  </reporter-output>
  <suite name="Suite" duration-ms="69660" started-at="2020-05-09T19:20:48Z" finished-at="2020-05-09T19:21:58Z">
    <groups>
    </groups>
    <test name="Test" duration-ms="69660" started-at="2020-05-09T19:20:48Z" finished-at="2020-05-09T19:21:58Z">
      <class name="com.automation.test.learn.NewTest">
        <test-method status="PASS" signature="beforeTest()[pri:0, instance:com.automation.test.learn.NewTest@79698539]" name="beforeTest" is-config="true" duration-ms="46867" started-at="2020-05-10T00:50:48Z" finished-at="2020-05-10T00:51:35Z">
          <reporter-output>
          </reporter-output>
        </test-method> <!-- beforeTest -->
        <test-method status="PASS" signature="testEasy()[pri:0, instance:com.automation.test.learn.NewTest@79698539]" name="testEasy" duration-ms="21713" started-at="2020-05-10T00:51:35Z" finished-at="2020-05-10T00:51:57Z">
          <reporter-output>
          </reporter-output>
        </test-method> <!-- testEasy -->
        <test-method status="PASS" signature="afterTest()[pri:0, instance:com.automation.test.learn.NewTest@79698539]" name="afterTest" is-config="true" duration-ms="926" started-at="2020-05-10T00:51:57Z" finished-at="2020-05-10T00:51:58Z">
          <reporter-output>
          </reporter-output>
        </test-method> <!-- afterTest -->
      </class> <!-- com.automation.test.learn.NewTest -->
    </test> <!-- Test -->
  </suite> <!-- Suite -->
</testng-results>
